{"/home/david/Web-Developer/repositorios/appointment-calendar-backend-/src/constants/status.ts": {"path":"/home/david/Web-Developer/repositorios/appointment-calendar-backend-/src/constants/status.ts","statementMap":{"0":{"start":{"line":1,"column":0},"end":{"line":1,"column":48}},"1":{"start":{"line":15,"column":4},"end":{"line":15,"column":15}},"2":{"start":{"line":18,"column":2},"end":{"line":18,"column":23}},"3":{"start":{"line":19,"column":2},"end":{"line":19,"column":4}},"4":{"start":{"line":21,"column":2},"end":{"line":21,"column":17}},"5":{"start":{"line":20,"column":2},"end":{"line":20,"column":22}},"6":{"start":{"line":22,"column":2},"end":{"line":22,"column":16}},"7":{"start":{"line":23,"column":2},"end":{"line":23,"column":10}},"8":{"start":{"line":24,"column":2},"end":{"line":24,"column":14}},"9":{"start":{"line":25,"column":2},"end":{"line":25,"column":11}},"10":{"start":{"line":26,"column":2},"end":{"line":26,"column":9}},"11":{"start":{"line":27,"column":2},"end":{"line":27,"column":10}},"12":{"start":{"line":28,"column":2},"end":{"line":28,"column":13}}},"fnMap":{},"branchMap":{},"s":{"0":1,"1":1,"2":1,"3":1,"4":1,"5":1,"6":1,"7":1,"8":1,"9":1,"10":1,"11":1,"12":1},"f":{},"b":{}}
,"/home/david/Web-Developer/repositorios/appointment-calendar-backend-/src/constants/strings.ts": {"path":"/home/david/Web-Developer/repositorios/appointment-calendar-backend-/src/constants/strings.ts","statementMap":{"0":{"start":{"line":1,"column":13},"end":{"line":1,"column":29}},"1":{"start":{"line":3,"column":13},"end":{"line":3,"column":56}},"2":{"start":{"line":5,"column":13},"end":{"line":5,"column":56}},"3":{"start":{"line":7,"column":13},"end":{"line":7,"column":56}},"4":{"start":{"line":9,"column":34},"end":{"line":9,"column":86}},"5":{"start":{"line":9,"column":53},"end":{"line":9,"column":86}},"6":{"start":{"line":9,"column":13},"end":{"line":9,"column":34}},"7":{"start":{"line":11,"column":13},"end":{"line":11,"column":36}},"8":{"start":{"line":13,"column":13},"end":{"line":13,"column":29}},"9":{"start":{"line":15,"column":13},"end":{"line":15,"column":24}}},"fnMap":{"0":{"name":"(anonymous_0)","decl":{"start":{"line":9,"column":34},"end":{"line":9,"column":35}},"loc":{"start":{"line":9,"column":53},"end":{"line":9,"column":86}}}},"branchMap":{},"s":{"0":1,"1":1,"2":1,"3":1,"4":1,"5":0,"6":1,"7":1,"8":1,"9":1},"f":{"0":0},"b":{}}
,"/home/david/Web-Developer/repositorios/appointment-calendar-backend-/src/controllers/TasksController.ts": {"path":"/home/david/Web-Developer/repositorios/appointment-calendar-backend-/src/controllers/TasksController.ts","statementMap":{"0":{"start":{"line":2,"column":0},"end":{"line":2,"column":60}},"1":{"start":{"line":3,"column":0},"end":{"line":3,"column":65}},"2":{"start":{"line":4,"column":0},"end":{"line":4,"column":52}},"3":{"start":{"line":11,"column":4},"end":{"line":11,"column":27}},"4":{"start":{"line":12,"column":4},"end":{"line":12,"column":51}},"5":{"start":{"line":13,"column":4},"end":{"line":13,"column":43}},"6":{"start":{"line":14,"column":4},"end":{"line":14,"column":45}},"7":{"start":{"line":15,"column":4},"end":{"line":15,"column":43}},"8":{"start":{"line":16,"column":4},"end":{"line":16,"column":49}},"9":{"start":{"line":20,"column":4},"end":{"line":28,"column":null}},"10":{"start":{"line":21,"column":25},"end":{"line":21,"column":45}},"11":{"start":{"line":23,"column":20},"end":{"line":23,"column":59}},"12":{"start":{"line":25,"column":6},"end":{"line":25,"column":37}},"13":{"start":{"line":27,"column":6},"end":{"line":27,"column":16}},"14":{"start":{"line":32,"column":4},"end":{"line":40,"column":null}},"15":{"start":{"line":33,"column":39},"end":{"line":33,"column":42}},"16":{"start":{"line":34,"column":25},"end":{"line":34,"column":41}},"17":{"start":{"line":36,"column":19},"end":{"line":36,"column":58}},"18":{"start":{"line":37,"column":6},"end":{"line":37,"column":32}},"19":{"start":{"line":39,"column":6},"end":{"line":39,"column":16}},"20":{"start":{"line":44,"column":4},"end":{"line":51,"column":null}},"21":{"start":{"line":45,"column":29},"end":{"line":45,"column":32}},"22":{"start":{"line":46,"column":27},"end":{"line":46,"column":78}},"23":{"start":{"line":48,"column":6},"end":{"line":48,"column":45}},"24":{"start":{"line":50,"column":6},"end":{"line":50,"column":16}},"25":{"start":{"line":55,"column":4},"end":{"line":63,"column":null}},"26":{"start":{"line":56,"column":45},"end":{"line":56,"column":48}},"27":{"start":{"line":58,"column":6},"end":{"line":58,"column":62}},"28":{"start":{"line":60,"column":6},"end":{"line":60,"column":58}},"29":{"start":{"line":62,"column":6},"end":{"line":62,"column":16}},"30":{"start":{"line":67,"column":4},"end":{"line":76,"column":null}},"31":{"start":{"line":68,"column":39},"end":{"line":68,"column":42}},"32":{"start":{"line":69,"column":25},"end":{"line":69,"column":41}},"33":{"start":{"line":71,"column":6},"end":{"line":71,"column":48}},"34":{"start":{"line":73,"column":6},"end":{"line":73,"column":59}},"35":{"start":{"line":75,"column":6},"end":{"line":75,"column":16}},"36":{"start":{"line":80,"column":0},"end":{"line":80,"column":31}}},"fnMap":{"0":{"name":"(anonymous_8)","decl":{"start":{"line":10,"column":2},"end":{"line":10,"column":14}},"loc":{"start":{"line":10,"column":42},"end":{"line":17,"column":3}}},"1":{"name":"(anonymous_9)","decl":{"start":{"line":19,"column":15},"end":{"line":19,"column":26}},"loc":{"start":{"line":19,"column":74},"end":{"line":29,"column":null}}},"2":{"name":"(anonymous_11)","decl":{"start":{"line":31,"column":15},"end":{"line":31,"column":22}},"loc":{"start":{"line":31,"column":70},"end":{"line":41,"column":null}}},"3":{"name":"(anonymous_13)","decl":{"start":{"line":43,"column":15},"end":{"line":43,"column":23}},"loc":{"start":{"line":43,"column":71},"end":{"line":52,"column":null}}},"4":{"name":"(anonymous_15)","decl":{"start":{"line":54,"column":15},"end":{"line":54,"column":22}},"loc":{"start":{"line":54,"column":70},"end":{"line":64,"column":null}}},"5":{"name":"(anonymous_17)","decl":{"start":{"line":66,"column":15},"end":{"line":66,"column":25}},"loc":{"start":{"line":66,"column":73},"end":{"line":77,"column":null}}}},"branchMap":{"0":{"loc":{"start":{"line":10,"column":14},"end":{"line":10,"column":42}},"type":"default-arg","locations":[{"start":{"line":10,"column":24},"end":{"line":10,"column":42}}]}},"s":{"0":1,"1":1,"2":1,"3":4,"4":4,"5":4,"6":4,"7":4,"8":4,"9":2,"10":2,"11":2,"12":1,"13":1,"14":2,"15":2,"16":2,"17":2,"18":1,"19":1,"20":0,"21":0,"22":0,"23":0,"24":0,"25":0,"26":0,"27":0,"28":0,"29":0,"30":0,"31":0,"32":0,"33":0,"34":0,"35":0,"36":1},"f":{"0":4,"1":2,"2":2,"3":0,"4":0,"5":0},"b":{"0":[0]}}
,"/home/david/Web-Developer/repositorios/appointment-calendar-backend-/src/errors/index.ts": {"path":"/home/david/Web-Developer/repositorios/appointment-calendar-backend-/src/errors/index.ts","statementMap":{"0":{"start":{"line":1,"column":0},"end":{"line":1,"column":null}},"1":{"start":{"line":11,"column":13},"end":{"line":14,"column":2}},"2":{"start":{"line":16,"column":13},"end":{"line":19,"column":2}},"3":{"start":{"line":21,"column":13},"end":{"line":24,"column":2}},"4":{"start":{"line":26,"column":13},"end":{"line":29,"column":2}},"5":{"start":{"line":31,"column":13},"end":{"line":34,"column":2}},"6":{"start":{"line":36,"column":13},"end":{"line":39,"column":2}},"7":{"start":{"line":41,"column":13},"end":{"line":44,"column":2}},"8":{"start":{"line":46,"column":13},"end":{"line":49,"column":2}},"9":{"start":{"line":51,"column":13},"end":{"line":54,"column":2}},"10":{"start":{"line":56,"column":13},"end":{"line":59,"column":2}},"11":{"start":{"line":61,"column":13},"end":{"line":64,"column":2}},"12":{"start":{"line":66,"column":13},"end":{"line":69,"column":2}}},"fnMap":{},"branchMap":{},"s":{"0":1,"1":1,"2":1,"3":1,"4":1,"5":1,"6":1,"7":1,"8":1,"9":1,"10":1,"11":1,"12":1},"f":{},"b":{}}
,"/home/david/Web-Developer/repositorios/appointment-calendar-backend-/src/models/DBModel.ts": {"path":"/home/david/Web-Developer/repositorios/appointment-calendar-backend-/src/models/DBModel.ts","statementMap":{"0":{"start":{"line":1,"column":0},"end":{"line":1,"column":38}},"1":{"start":{"line":4,"column":12},"end":{"line":4,"column":36}},"2":{"start":{"line":7,"column":4},"end":{"line":7,"column":33}},"3":{"start":{"line":11,"column":15},"end":{"line":11,"column":33}},"4":{"start":{"line":12,"column":20},"end":{"line":12,"column":72}},"5":{"start":{"line":13,"column":4},"end":{"line":13,"column":19}},"6":{"start":{"line":17,"column":15},"end":{"line":17,"column":33}},"7":{"start":{"line":18,"column":20},"end":{"line":18,"column":95}},"8":{"start":{"line":19,"column":4},"end":{"line":19,"column":19}},"9":{"start":{"line":23,"column":15},"end":{"line":23,"column":33}},"10":{"start":{"line":24,"column":21},"end":{"line":24,"column":73}},"11":{"start":{"line":25,"column":4},"end":{"line":25,"column":20}},"12":{"start":{"line":29,"column":15},"end":{"line":29,"column":33}},"13":{"start":{"line":30,"column":21},"end":{"line":30,"column":83}},"14":{"start":{"line":31,"column":4},"end":{"line":31,"column":20}},"15":{"start":{"line":35,"column":15},"end":{"line":35,"column":33}},"16":{"start":{"line":36,"column":21},"end":{"line":36,"column":75}},"17":{"start":{"line":37,"column":4},"end":{"line":37,"column":20}},"18":{"start":{"line":41,"column":0},"end":{"line":41,"column":23}}},"fnMap":{"0":{"name":"(anonymous_8)","decl":{"start":{"line":6,"column":2},"end":{"line":6,"column":14}},"loc":{"start":{"line":6,"column":32},"end":{"line":8,"column":3}}},"1":{"name":"(anonymous_9)","decl":{"start":{"line":10,"column":15},"end":{"line":10,"column":22}},"loc":{"start":{"line":10,"column":34},"end":{"line":14,"column":null}}},"2":{"name":"(anonymous_11)","decl":{"start":{"line":16,"column":15},"end":{"line":16,"column":19}},"loc":{"start":{"line":16,"column":48},"end":{"line":20,"column":null}}},"3":{"name":"(anonymous_13)","decl":{"start":{"line":22,"column":15},"end":{"line":22,"column":24}},"loc":{"start":{"line":22,"column":37},"end":{"line":26,"column":null}}},"4":{"name":"(anonymous_15)","decl":{"start":{"line":28,"column":15},"end":{"line":28,"column":24}},"loc":{"start":{"line":28,"column":55},"end":{"line":32,"column":null}}},"5":{"name":"(anonymous_17)","decl":{"start":{"line":34,"column":15},"end":{"line":34,"column":24}},"loc":{"start":{"line":34,"column":39},"end":{"line":38,"column":null}}}},"branchMap":{"0":{"loc":{"start":{"line":10,"column":23},"end":{"line":10,"column":34}},"type":"default-arg","locations":[{"start":{"line":10,"column":32},"end":{"line":10,"column":34}}]},"1":{"loc":{"start":{"line":16,"column":20},"end":{"line":16,"column":31}},"type":"default-arg","locations":[{"start":{"line":16,"column":29},"end":{"line":16,"column":31}}]},"2":{"loc":{"start":{"line":16,"column":33},"end":{"line":16,"column":48}},"type":"default-arg","locations":[{"start":{"line":16,"column":46},"end":{"line":16,"column":48}}]}},"s":{"0":1,"1":4,"2":4,"3":0,"4":0,"5":0,"6":0,"7":0,"8":0,"9":0,"10":0,"11":0,"12":0,"13":0,"14":0,"15":0,"16":0,"17":0,"18":1},"f":{"0":4,"1":0,"2":0,"3":0,"4":0,"5":0},"b":{"0":[0],"1":[0],"2":[0]}}
,"/home/david/Web-Developer/repositorios/appointment-calendar-backend-/src/models/TaskModel.ts": {"path":"/home/david/Web-Developer/repositorios/appointment-calendar-backend-/src/models/TaskModel.ts","statementMap":{"0":{"start":{"line":1,"column":0},"end":{"line":1,"column":35}},"1":{"start":{"line":3,"column":0},"end":{"line":3,"column":32}},"2":{"start":{"line":7,"column":4},"end":{"line":7,"column":19}},"3":{"start":{"line":11,"column":24},"end":{"line":11,"column":94}},"4":{"start":{"line":13,"column":4},"end":{"line":13,"column":23}},"5":{"start":{"line":17,"column":17},"end":{"line":17,"column":62}},"6":{"start":{"line":19,"column":4},"end":{"line":19,"column":16}},"7":{"start":{"line":23,"column":24},"end":{"line":23,"column":71}},"8":{"start":{"line":25,"column":4},"end":{"line":25,"column":23}},"9":{"start":{"line":29,"column":23},"end":{"line":31,"column":6}},"10":{"start":{"line":32,"column":18},"end":{"line":32,"column":57}},"11":{"start":{"line":33,"column":4},"end":{"line":33,"column":17}},"12":{"start":{"line":37,"column":0},"end":{"line":37,"column":25}}},"fnMap":{"0":{"name":"(anonymous_8)","decl":{"start":{"line":6,"column":2},"end":{"line":6,"column":null}},"loc":{"start":{"line":6,"column":2},"end":{"line":8,"column":3}}},"1":{"name":"(anonymous_9)","decl":{"start":{"line":10,"column":15},"end":{"line":10,"column":25}},"loc":{"start":{"line":10,"column":48},"end":{"line":14,"column":null}}},"2":{"name":"(anonymous_11)","decl":{"start":{"line":16,"column":15},"end":{"line":16,"column":23}},"loc":{"start":{"line":16,"column":34},"end":{"line":20,"column":null}}},"3":{"name":"(anonymous_13)","decl":{"start":{"line":22,"column":15},"end":{"line":22,"column":25}},"loc":{"start":{"line":22,"column":36},"end":{"line":26,"column":null}}},"4":{"name":"(anonymous_15)","decl":{"start":{"line":28,"column":15},"end":{"line":28,"column":27}},"loc":{"start":{"line":28,"column":42},"end":{"line":34,"column":null}}}},"branchMap":{},"s":{"0":1,"1":1,"2":4,"3":0,"4":0,"5":0,"6":0,"7":0,"8":0,"9":0,"10":0,"11":0,"12":1},"f":{"0":4,"1":0,"2":0,"3":0,"4":0},"b":{}}
,"/home/david/Web-Developer/repositorios/appointment-calendar-backend-/src/models/connection.ts": {"path":"/home/david/Web-Developer/repositorios/appointment-calendar-backend-/src/models/connection.ts","statementMap":{"0":{"start":{"line":1,"column":0},"end":{"line":1,"column":35}},"1":{"start":{"line":2,"column":0},"end":{"line":2,"column":28}},"2":{"start":{"line":4,"column":0},"end":{"line":4,"column":16}},"3":{"start":{"line":6,"column":16},"end":{"line":9,"column":28}},"4":{"start":{"line":11,"column":21},"end":{"line":11,"column":73}},"5":{"start":{"line":12,"column":16},"end":{"line":12,"column":26}},"6":{"start":{"line":14,"column":28},"end":{"line":14,"column":32}},"7":{"start":{"line":15,"column":19},"end":{"line":21,"column":7}},"8":{"start":{"line":15,"column":26},"end":{"line":21,"column":6}},"9":{"start":{"line":19,"column":6},"end":{"line":19,"column":28}},"10":{"start":{"line":20,"column":6},"end":{"line":20,"column":16}},"11":{"start":{"line":23,"column":0},"end":{"line":23,"column":26}}},"fnMap":{"0":{"name":"(anonymous_7)","decl":{"start":{"line":15,"column":19},"end":{"line":15,"column":22}},"loc":{"start":{"line":15,"column":26},"end":{"line":21,"column":6}}},"1":{"name":"(anonymous_8)","decl":{"start":{"line":18,"column":10},"end":{"line":18,"column":11}},"loc":{"start":{"line":18,"column":19},"end":{"line":21,"column":5}}}},"branchMap":{"0":{"loc":{"start":{"line":11,"column":21},"end":{"line":11,"column":73}},"type":"binary-expr","locations":[{"start":{"line":11,"column":21},"end":{"line":11,"column":42}},{"start":{"line":11,"column":46},"end":{"line":11,"column":73}}]},"1":{"loc":{"start":{"line":15,"column":26},"end":{"line":21,"column":6}},"type":"cond-expr","locations":[{"start":{"line":16,"column":4},"end":{"line":16,"column":23}},{"start":{"line":17,"column":4},"end":{"line":21,"column":6}}]}},"s":{"0":1,"1":1,"2":1,"3":1,"4":1,"5":1,"6":1,"7":1,"8":0,"9":0,"10":0,"11":1},"f":{"0":0,"1":0},"b":{"0":[1,0],"1":[0,0]}}
,"/home/david/Web-Developer/repositorios/appointment-calendar-backend-/src/services/TasksService.ts": {"path":"/home/david/Web-Developer/repositorios/appointment-calendar-backend-/src/services/TasksService.ts","statementMap":{"0":{"start":{"line":1,"column":0},"end":{"line":1,"column":62}},"1":{"start":{"line":2,"column":0},"end":{"line":2,"column":44}},"2":{"start":{"line":9,"column":4},"end":{"line":9,"column":33}},"3":{"start":{"line":13,"column":18},"end":{"line":13,"column":55}},"4":{"start":{"line":15,"column":4},"end":{"line":15,"column":17}},"5":{"start":{"line":19,"column":17},"end":{"line":19,"column":46}},"6":{"start":{"line":21,"column":4},"end":{"line":21,"column":36}},"7":{"start":{"line":21,"column":15},"end":{"line":21,"column":36}},"8":{"start":{"line":23,"column":4},"end":{"line":23,"column":56}},"9":{"start":{"line":23,"column":32},"end":{"line":23,"column":56}},"10":{"start":{"line":25,"column":4},"end":{"line":25,"column":16}},"11":{"start":{"line":29,"column":20},"end":{"line":29,"column":30}},"12":{"start":{"line":31,"column":27},"end":{"line":31,"column":75}},"13":{"start":{"line":33,"column":4},"end":{"line":33,"column":49}},"14":{"start":{"line":37,"column":4},"end":{"line":37,"column":36}},"15":{"start":{"line":39,"column":4},"end":{"line":39,"column":36}},"16":{"start":{"line":43,"column":20},"end":{"line":43,"column":30}},"17":{"start":{"line":44,"column":23},"end":{"line":44,"column":27}},"18":{"start":{"line":46,"column":20},"end":{"line":46,"column":59}},"19":{"start":{"line":48,"column":4},"end":{"line":48,"column":64}},"20":{"start":{"line":48,"column":40},"end":{"line":48,"column":64}},"21":{"start":{"line":50,"column":4},"end":{"line":50,"column":58}},"22":{"start":{"line":54,"column":0},"end":{"line":54,"column":28}}},"fnMap":{"0":{"name":"(anonymous_8)","decl":{"start":{"line":8,"column":2},"end":{"line":8,"column":null}},"loc":{"start":{"line":8,"column":2},"end":{"line":10,"column":3}}},"1":{"name":"(anonymous_9)","decl":{"start":{"line":12,"column":15},"end":{"line":12,"column":27}},"loc":{"start":{"line":12,"column":42},"end":{"line":16,"column":null}}},"2":{"name":"(anonymous_11)","decl":{"start":{"line":18,"column":15},"end":{"line":18,"column":23}},"loc":{"start":{"line":18,"column":50},"end":{"line":26,"column":null}}},"3":{"name":"(anonymous_13)","decl":{"start":{"line":28,"column":15},"end":{"line":28,"column":25}},"loc":{"start":{"line":28,"column":36},"end":{"line":34,"column":null}}},"4":{"name":"(anonymous_15)","decl":{"start":{"line":36,"column":15},"end":{"line":36,"column":25}},"loc":{"start":{"line":36,"column":52},"end":{"line":40,"column":null}}},"5":{"name":"(anonymous_17)","decl":{"start":{"line":42,"column":15},"end":{"line":42,"column":25}},"loc":{"start":{"line":42,"column":48},"end":{"line":51,"column":null}}}},"branchMap":{"0":{"loc":{"start":{"line":21,"column":4},"end":{"line":21,"column":36}},"type":"if","locations":[{"start":{"line":21,"column":4},"end":{"line":21,"column":36}}]},"1":{"loc":{"start":{"line":23,"column":4},"end":{"line":23,"column":56}},"type":"if","locations":[{"start":{"line":23,"column":4},"end":{"line":23,"column":56}}]},"2":{"loc":{"start":{"line":48,"column":4},"end":{"line":48,"column":64}},"type":"if","locations":[{"start":{"line":48,"column":4},"end":{"line":48,"column":64}}]}},"s":{"0":1,"1":1,"2":4,"3":0,"4":0,"5":0,"6":0,"7":0,"8":0,"9":0,"10":0,"11":0,"12":0,"13":0,"14":0,"15":0,"16":0,"17":0,"18":0,"19":0,"20":0,"21":0,"22":1},"f":{"0":4,"1":0,"2":0,"3":0,"4":0,"5":0},"b":{"0":[0],"1":[0],"2":[0]}}
}
