TN:
SF:src/constants/status.ts
FNF:0
FNH:0
DA:1,1
DA:15,1
DA:18,1
DA:19,1
DA:20,1
DA:21,1
DA:22,1
DA:23,1
DA:24,1
DA:25,1
DA:26,1
DA:27,1
DA:28,1
LF:13
LH:13
BRF:0
BRH:0
end_of_record
TN:
SF:src/constants/strings.ts
FN:9,(anonymous_0)
FNF:1
FNH:0
FNDA:0,(anonymous_0)
DA:1,1
DA:3,1
DA:5,1
DA:7,1
DA:9,1
DA:11,1
DA:13,1
DA:15,1
LF:8
LH:8
BRF:0
BRH:0
end_of_record
TN:
SF:src/controllers/TasksController.ts
FN:10,(anonymous_8)
FN:19,(anonymous_9)
FN:31,(anonymous_11)
FN:44,(anonymous_13)
FN:55,(anonymous_15)
FN:67,(anonymous_17)
FNF:6
FNH:2
FNDA:2,(anonymous_8)
FNDA:2,(anonymous_9)
FNDA:0,(anonymous_11)
FNDA:0,(anonymous_13)
FNDA:0,(anonymous_15)
FNDA:0,(anonymous_17)
DA:2,1
DA:3,1
DA:4,1
DA:11,2
DA:12,2
DA:13,2
DA:14,2
DA:15,2
DA:16,2
DA:20,2
DA:21,2
DA:23,2
DA:25,1
DA:27,1
DA:32,0
DA:33,0
DA:34,0
DA:36,0
DA:38,0
DA:40,0
DA:45,0
DA:46,0
DA:47,0
DA:49,0
DA:51,0
DA:56,0
DA:57,0
DA:59,0
DA:61,0
DA:63,0
DA:68,0
DA:69,0
DA:70,0
DA:72,0
DA:74,0
DA:76,0
DA:81,1
LF:37
LH:15
BRDA:10,0,0,0
BRF:1
BRH:0
end_of_record
TN:
SF:src/errors/index.ts
FNF:0
FNH:0
DA:1,1
DA:11,1
DA:16,1
DA:21,1
DA:26,1
DA:31,1
DA:36,1
DA:41,1
DA:46,1
DA:51,1
DA:56,1
DA:61,1
DA:66,1
LF:13
LH:13
BRF:0
BRH:0
end_of_record
TN:
SF:src/models/DBModel.ts
FN:6,(anonymous_8)
FN:10,(anonymous_9)
FN:16,(anonymous_11)
FN:22,(anonymous_13)
FN:28,(anonymous_15)
FN:34,(anonymous_17)
FNF:6
FNH:1
FNDA:2,(anonymous_8)
FNDA:0,(anonymous_9)
FNDA:0,(anonymous_11)
FNDA:0,(anonymous_13)
FNDA:0,(anonymous_15)
FNDA:0,(anonymous_17)
DA:1,1
DA:4,2
DA:7,2
DA:11,0
DA:12,0
DA:13,0
DA:17,0
DA:18,0
DA:19,0
DA:23,0
DA:24,0
DA:25,0
DA:29,0
DA:30,0
DA:31,0
DA:35,0
DA:36,0
DA:37,0
DA:41,1
LF:19
LH:4
BRDA:10,0,0,0
BRDA:16,1,0,0
BRDA:16,2,0,0
BRF:3
BRH:0
end_of_record
TN:
SF:src/models/TaskModel.ts
FN:6,(anonymous_8)
FN:10,(anonymous_9)
FN:16,(anonymous_11)
FN:22,(anonymous_13)
FN:28,(anonymous_15)
FNF:5
FNH:1
FNDA:2,(anonymous_8)
FNDA:0,(anonymous_9)
FNDA:0,(anonymous_11)
FNDA:0,(anonymous_13)
FNDA:0,(anonymous_15)
DA:1,1
DA:3,1
DA:7,2
DA:11,0
DA:13,0
DA:17,0
DA:19,0
DA:23,0
DA:25,0
DA:29,0
DA:32,0
DA:33,0
DA:37,1
LF:13
LH:4
BRF:0
BRH:0
end_of_record
TN:
SF:src/models/connection.ts
FN:15,(anonymous_7)
FN:18,(anonymous_8)
FNF:2
FNH:0
FNDA:0,(anonymous_7)
FNDA:0,(anonymous_8)
DA:1,1
DA:2,1
DA:4,1
DA:6,1
DA:11,1
DA:12,1
DA:14,1
DA:15,1
DA:19,0
DA:20,0
DA:23,1
LF:11
LH:9
BRDA:11,0,0,1
BRDA:11,0,1,0
BRDA:15,1,0,0
BRDA:15,1,1,0
BRF:4
BRH:1
end_of_record
TN:
SF:src/services/TasksService.ts
FN:8,(anonymous_8)
FN:12,(anonymous_9)
FN:18,(anonymous_11)
FN:28,(anonymous_13)
FN:36,(anonymous_15)
FN:42,(anonymous_17)
FNF:6
FNH:1
FNDA:2,(anonymous_8)
FNDA:0,(anonymous_9)
FNDA:0,(anonymous_11)
FNDA:0,(anonymous_13)
FNDA:0,(anonymous_15)
FNDA:0,(anonymous_17)
DA:1,1
DA:2,1
DA:9,2
DA:13,0
DA:15,0
DA:19,0
DA:21,0
DA:23,0
DA:25,0
DA:29,0
DA:31,0
DA:33,0
DA:37,0
DA:39,0
DA:43,0
DA:44,0
DA:46,0
DA:48,0
DA:50,0
DA:54,1
LF:20
LH:4
BRDA:21,0,0,0
BRDA:23,1,0,0
BRDA:48,2,0,0
BRF:3
BRH:0
end_of_record
